PI 1GAT_0 PI 8GAT_1 PI 15GAT_2 PI 22GAT_3 PI 29GAT_4 PI 36GAT_5 PI 43GAT_6 PI 50GAT_7 PI 57GAT_8 PI 64GAT_9 PI 71GAT_10 PI 78GAT_11 PI 85GAT_12 PI 92GAT_13 PI 99GAT_14 PI 106GAT_15 PI 113GAT_16 PI 120GAT_17 PI 127GAT_18 PI 134GAT_19 PI 141GAT_20 PI 148GAT_21 PI 155GAT_22 PI 162GAT_23 PI 169GAT_24 PI 176GAT_25 PI 183GAT_26 PI 190GAT_27 PI 197GAT_28 PI 204GAT_29 PI 211GAT_30 PI 218GAT_31 PI 225GAT_32 PI 226GAT_33 PI 227GAT_34 PI 228GAT_35 PI 229GAT_36 PI 230GAT_37 PI 231GAT_38 PI 232GAT_39 PI 233GAT_40 
11111111111111111111111111111111100011111
11111111111111111111111111111111010011111
11111111111111111111111111111111001011111
11111111111111111111111111111111000111111
11111111111111111111111111111111111110001
11111111111111111111111111111111111101001
11111111111111111111111111111111111100101
11111111111111111111111111111111111100011
11111111111111111111111111111111111111111
11110111111101111111111111111111011100101
11111111111111111111111111111111011111111
11111011111110111111111111111111101100101
11111111111111111111111111111111101111111
11111101111111011111111111111111110100101
11111111111111111111111111111111110111111
11111110111111101111111111111111111000101
11111111111111111111111111111111111011111
11111111111111111111111111111111111101111
11111111111111111111011111110111001001111
11111111111111111111111111111111111110111
11111111111111111111101111111011001010111
11111111111111111111111111111111111111011
11111111111111111111110111111101001011011
11111111111111111111111111111111111111101
11111111111111111111111011111110001011101
00101111111111111111111111111111001011111
11110010111111111111111111111111001011111
11111111001011111111111111111111001011111
11110111111101111111111111111111111100101
11111011111110111111111111111111111100101
11111101111111011111111111111111111100101
11111111111100101111111111111111001011111
11111110111111101111111111111111111100101
11111111111111110010111111111111111100101
11111111111111111111001011111111111100101
11111111111111111111111100101111111100101
11111111111111111111011111110111001011111
11111111111111111111101111111011001011111
11111111111111111111110111111101001011111
11111111111111111111111111110010111100101
11111111111111111111111011111110001011111
00111111111111111111111111111111000111111
11101111111111111111111111111111001011111
11110111111111111111111111111111111100101
11110011111111111111111111111111000111111
11111011111111111111111111111111111100101
11111101111111111111111111111111111100101
11111110111111111111111111111111001011111
11111110111111111111111111111111111100101
11111111001111111111111111111111000111111
11111111111011111111111111111111001011111
11111111111101111111111111111111111100101
11111111111100111111111111111111000111111
11111111111110111111111111111111111100101
11111111111111011111111111111111111100101
11111111111111101111111111111111001011111
11111111111111101111111111111111111100101
11111111111111110011111111111111111100011
11111111111111111110111111111111111100101
11111111111111111111011111111111001011111
11111111111111111111001111111111111100011
11111111111111111111101111111111001011111
11111111111111111111110111111111001011111
11111111111111111111111011111111111100101
11111111111111111111111011111111001011111
11111111111111111111111100111111111100011
11111111111111111111111111101111111100101
11111111111111111111111111110111001011111
11111111111111111111111111110011111100011
11111111111111111111111111111011001011111
11111111111111111111111111111101001011111
11111111111111111111111111111110111100101
11111111111111111111111111111110001011111
11111111111111111111111111111111001011110
11111111111111111111111111011111001011111
11111111111111111111111110111111001011111
11111111111111111111111101111111001011111
11111111111111111101111111111111001011111
11111111111111111011111111111111001011111
11111111111111110111111111111111001011111
11111111110111111111111111111111111111101
11111111101111111111111111111111111111101
11111111011111111111111111111111111111101
11011111111111111111111111111111111111101
10111111111111111111111111111111111111101
01111111111111111111111111111111111111101
