PI ID0_0 PI ID1_1 PI ID2_2 PI ID3_3 PI ID4_4 PI ID5_5 PI ID6_6 PI ID7_7 PI ID8_8 PI ID9_9 PI ID10_10 PI ID11_11 PI ID12_12 PI ID13_13 PI ID14_14 PI ID15_15 PI ID16_16 PI ID17_17 PI ID18_18 PI ID19_19 PI ID20_20 PI ID21_21 PI ID22_22 PI ID23_23 PI ID24_24 PI ID25_25 PI ID26_26 PI ID27_27 PI ID28_28 PI ID29_29 PI ID30_30 PI ID31_31 PI IC0_32 PI IC1_33 PI IC2_34 PI IC3_35 PI IC4_36 PI IC5_37 PI IC6_38 PI IC7_39 PI R_40 
10001000100000001010000000000000000000000
10000000000000001000000000000000000000000
11001000100000000000000000000000000000000
01000000000000000000000010000000000000000
10101000100000000000000000000000000000000
00100000000000001000000000000000000000000
00011000100000000000100000000000000100101
00010000000000000000100000000000000000000
10001000000000000000000000000000000000000
00000100100000000000000000000000000000000
01000100000000000000000000000000000000000
00000010100000000000000000000000000000000
00100010000000000000000000000000000000000
10010001100000001000100000000000000000000
00010001000000000000000000000000000000000
10000000110010000000000000000000000000000
01000000010000000000000000000000000000000
10000000101010000000000000000000000000000
00100000001000000000000000000000000000000
00010000100110001000100000000000000000000
00010000000100000000000000000000000000000
10000000000001000000000000000000000000000
00000000010001000000000000000000000000000
10000000000000100000000000000000000000000
00000000001000100000000000000000000000000
10000000100100011000100000000000000000000
00000000000100010000000000000000000000000
10100000000000001000100010000000000000000
00000000000000001100100010000000000000000
00000000100000000100000000000000000000000
00000000000000001010100010000000000000000
00001000000000000001100010000000001000011
00001000000000000001000000000000000000000
00000000000000000000010010000000000000000
00000000000000000100010000000000000000000
00000000000000000000001010000000000000000
00000000000000000010001000000000000000000
10001000000000001001000110000000000000000
00000000000000000001000100000000000000000
00000000000000001000000011001000000000000
00000000000000000100000001000000000000000
00000000000000001000000010101000000000000
00000000000000000010000000100000000000000
10001000000000000001000010011000000000000
00000000000000000001000000010000000000000
00000000000000001000000000000100000000000
00000000000000000000000001000100000000000
00000000000000001000000000000010000000000
00000000000000000000000000100010000000000
10001000000000001000000010010001000000000
00000000000000000000000000010001000000000
00001000100000000000100010000000000000000
00010000000000000000000010000000000000000
01000100010000000000000010000010000000000
00010000000000001000000000000000000000000
10001000100000001000001000000000000000000
00010000000000000000100000001000000000000
00011000100000000000001000001000000000000
00100000000000001000000010000000000000000
00101000100000000010000010000000000000000
00000000100000000001000000000000000000000
00000000100000100100010001000000000000000
10000000000000000001000000000000000000000
10000010000000001000100010000000000000000
00001000000010000001000000000000000000000
00000010000010000001100010000000000000000
10000000100000000010000000000000000000000
00100000100000000010100010000000000000000
10110000000000001000000010000000000000000
01110000000000001000000010000000000000000
00100000000000001000000000001000000000000
00010000000000000000100010000000000000000
10000000100000001011000000000000000000000
10000000100000000111000000000000000000000
10000000000010000010000000000000000000000
00001000100000000001000000000000000000000
00000000000000001000000010000000101111111
00000000000000000000000010000000100101111
00000000000000001000000010000000011111111
00000000000000001000000000000000010101111
00000000000000001000000000001000001011111
10000000100000000000000000000000111110111
10000000100000000000000000000000111101111
10000000000010000000000000000000111100101
10001010100000000010001000100000000000000
01010000010000001000000000000000000000000
10000000001000000001000100010000000000000
00110000001000000000100000001000000000000
00100000000100001000000010000000000000000
10000000000010100000000000000000000000000
00100010001000001000101010000000000000000
10000000000000000101000001000000000000000
00001000000010000011000000100000000000000
00000000000000001000000000001010000000000
00110000000010000000000000000000000000000
00100001000000001000000010000000000000000
10001100100000000010001000000000000000000
10000011100000000010000000100000000000000
00010000010001001000000000000000000000000
10000000001100000011000000000000000000000
00010000001000100000100000001000000000000
00100000000000011000000010000000000000000
10000000000011000000000000000000000000000
10000000000000110000000000000000000000000
00000000000000000011000000001000000000000
10000000100000000010000100000000000000000
00100010000000001000110010000000000000000
00100000001000001000001110000000000000000
10000000000000000001000001000100000000000
00110000000000001000000000110000000000000
00001000000010000001000000100010000000000
10000000100000000010000000000001000000000
00000000000000001000000000001100000000000
00000000000000001000000000000011000000000
00010000000000000000000010000000100000000
00010000000000001000000000000000010000000
00010000000000000000100000001000001000000
00100000000000001000000010000000000100000
00000000100000000001000000000000000010000
10000000000000000001000000000000000001000
00001000000010000001000000000000000000100
10000000100000000010000000000000000000010
