PI 1GAT_0 PI 8GAT_1 PI 13GAT_2 PI 17GAT_3 PI 26GAT_4 PI 29GAT_5 PI 36GAT_6 PI 42GAT_7 PI 51GAT_8 PI 55GAT_9 PI 59GAT_10 PI 68GAT_11 PI 72GAT_12 PI 73GAT_13 PI 74GAT_14 PI 75GAT_15 PI 80GAT_16 PI 85GAT_17 PI 86GAT_18 PI 87GAT_19 PI 88GAT_20 PI 89GAT_21 PI 90GAT_22 PI 91GAT_23 PI 96GAT_24 PI 101GAT_25 PI 106GAT_26 PI 111GAT_27 PI 116GAT_28 PI 121GAT_29 PI 126GAT_30 PI 130GAT_31 PI 135GAT_32 PI 138GAT_33 PI 143GAT_34 PI 146GAT_35 PI 149GAT_36 PI 152GAT_37 PI 153GAT_38 PI 156GAT_39 PI 159GAT_40 PI 165GAT_41 PI 171GAT_42 PI 177GAT_43 PI 183GAT_44 PI 189GAT_45 PI 195GAT_46 PI 201GAT_47 PI 207GAT_48 PI 210GAT_49 PI 219GAT_50 PI 228GAT_51 PI 237GAT_52 PI 246GAT_53 PI 255GAT_54 PI 259GAT_55 PI 260GAT_56 PI 261GAT_57 PI 267GAT_58 PI 268GAT_59 
000000000000010000000000000000000000000010000000000000000000
000000000000000000000000000000000000000000000000000000000000
000000000000010000000000000000000000000001000000000000000000
000000000000010000000000000000000000000000100000000000000000
000000000000000000000001000000000000000000000000010000000000
000000000000000000000000100000000000000000000000010000000000
000000000000010000000000000000000000000000010000000000000000
000000000000000000000000000000000000000000000000010000000001
000000000000000000000000010000000000000000000000010000000000
000000000000000000000000000000000000000000000000001000000000
000000000000010000000000000000000000000000001000000000000000
000000000000010000000000000000000000000000000100000000000000
000000000000010000000000000000000000000000000010000000000000
000000000000000000000000001000000000000000000000010000000000
000000000000010000000000000100000000000000000100010000000000
000000000000010000000000000010000000000000000010010000000000
000000000000010000000000000000000000000000000001000000000000
000000000000000000000000000000000000000000010000001000000000
000000000000010000000000000001000000000000000001010000000000
000000000000010000000000000000000000000000000001001000000100
000000000000010000000000000000000000000000000100001000000000
000000000000010000000000000000000000000000000010001000000000
000000000000000000000000000000000000000000001000001000000000
000000000000000000000000000000000000000010000000000010000000
000000000000000000000000000000000000000001000000000010000000
000000000000000000000000000000000000000000100000000010000000
000000000000000000000000000000000000000000010000000010000000
000000000000000000000000000000000000000000001000000010000000
000000000000010000000000000000000000000000000100000010000000
000000000000010000000000000000000000000000000010000010000000
000000000000010000000000000000000000000000000001000010000000
000000000000010000000000000000000000000000000001001000000000
000000000000010000000000000000000000000000000010001000000101
000000000000000000000000000000000000000000000000000001000000
000000000000000000000000000000000000000000000000000100000000
000000000000010000000000000000000000000000000100000010000001
000000000000010000000000000000000000000000000100000100000000
000000000000010000000000000000000000000000000010000010000001
000000000000010000000000000000000000000000000010000100000000
000000000000010000000000000000000000000000000001000010000001
000000000000010000000000000000000000000000000001000100000000
000000000000010000000000000000000000000000000100000000110000
000000000000010000000000000000000000000000000100000001000000
000000000000010000000000000000000000000000000010000000101000
000000000000010000000000000000000000000000000010000001000000
000000000000010000000000000000000000000000000001000000100010
000000000000010000000000000000000000000000000001000001000000
000000000000010000000000000000000000000000000011001000000000
100111001000000110000000000000000000000000000000000100000001
000000000000000000000000000000000000000010000000000100000000
000000000000000000000000000000000000000001000000000100000000
000000000000000000000000000000000000000000100000000100000000
000000000000010000000000000000000000000000000011001000000100
100111001000000110000000000000000000000000010000000010000001
100111001000000110000000000000000000000000000000000001000001
100111001000000110000000000000000000000000100000000010000001
100111001000000110000000000000000000000001000000000010000001
100111001000000110000000000000000000000010000000000010000001
000000000000010000000000000000000000000000000001000001000001
000000000000010000000000000000000000000000000010000001000001
000000000000010000000000000000000000000000000100000001000001
000000000000000000000000000000000000000000001000000010000001
010000000000000000000000000000000100000000000000000001000000
000100000000000000000000000000000100000000000000000001000000
000000001000000000000000000000000100000000000000000001000000
000000000000000000000000000000000100010000000000000001000000
100110001010000000000000000000000010000100000000000001000000
100110001010010000000000000000000001000100000100000001000000
100110001010010000000000000000000000100100000010000001000000
100110001010010000000000000000000000001100000001000001000000
100010001110000000000000000000000000001100000000000001000000
100010001110000000000000000000000000100100000000000001000000
100010001110000000000000000000000001000100000000000001000000
100010001110000000000000000000000010000100000000000001000000
000000000000010000000000000000000001000000000100000001000000
000000000000010000000000000000000000100000000010000001000000
000000000000010000000000000000000000001000000001000001000000
000000000000000000000001000000000000000000000000000001000000
000000000000000000000000100000000000000000000000000001000000
000000000000000000000000010000000000000000000000000001000000
000000000000000000000000001000000000000000000000000001000000
000000000000000000000000000100000000000000000000000001000000
000000000000010000000000000010000000000000000100000001000000
000000000000010000000000000001000000000000000010000001000000
000000000000010000000000000000100000000000000001000001000000
000000000000000000000000000000000000000000000100000000000000
000000000000000000000000000000000000000000000010000000000000
000000000000000000000000000000000000000000000001000000000000
100011001100010110000000000000000000000000000001000001000000
100011001100010110000000000000000000000000000010000001000000
100011001100010110000000000000000000000000000100000001000000
110100011010010100000000000000100000000000000001000001000000
000001110000000000000000000000000000000000000000000000000000
000101000000000110000000000000000000000000000000000001000001
100100000010010000000000000000000000001100000001000001000000
000000000110000000000000000000000000001100000000000001000000
000001000100000110000000000000000000000000000000000001000000
100110001010010000000000000000100000000100000001000001000000
100010011010010100000000000000100000000100000001000001000000
110110011010010100000000000000100000000100000001000001000000
101110000000000000000000000000000000000000000000000000000000
000001000001000000000000000000000000000000000000000000000000
000000010011110000000000000000000000000000000001000000000000
110110001010010000000000000000100000000100000001000001000000
111000000100000000000000000000000000000000000000000000000000
111000000100010000000000000000000000000000000001000000000000
000000000011001000000000000000000000000000000000000000000000
000000000000000000000100000000000000000000000000000000000000
111100000000000000000000000000000000000000000000000000000000
100110001000000000000000000000000000000000000000000001000001
000000100010000010000000000000000000000000000000000000000000
000000110010000000000000000000000000000000000000000000000000
000000000010000110000000000000000000000000000000000000000000
100110001000010000000000000000000000001000000001000001000000
100010001100000000000000000000000000001000000000000001000000
000000000000000000010010000000000000000000000000000000000000
000000000000000000001010000000000000000000000000000000000000
000000000000000000001100000000000000000000000000000000000000
000000000000000000000010000000000000000000000000000000000000
100111001000000110000000000000000000000000000000000001000000
000000000000000001100000000000000000000000000000000000000000
000001100000000010000000000000000000000000000000000000000000
000001010000000100000000000000000000000000000000000000000000
000000000000010000000000000000000000000000000001000000100000
000000000000010000000000000000000000000000000010000000100000
000000000000010000000000000000000000000000000100000000100000
000000000000010000000000000000000000000000000100000000010000
000000000000010000000000000000000000000000000010000000001000
000000000000010000000000000000000000000000000001000000000010
000000000000010000000000000000000000000000000001000000000100
000000000000000000000001000000000000000000000000000000000000
000000000000000000000000100000000000000000000000000000000000
000000000000000000000000010000000000000000000000000000000000
000000000000000000000000001000000000000000000000000000000000
000000000000010000000000000100000000000000000100000000000000
000000000000010000000000000010000000000000000010000000000000
000000000000010000000000000001000000000000000001000000000000
100010001110000000000000000000000000001000000000000001000000
100110001010010000000000000000000000000100000010000001000000
100110001010010000000000000000000000000100000100000001000000
000000000000000000000000000000000000010000000000000001000000
000000000000010000000000000000000000000000000001010000000000
000000000000010000000000000000000000000000000010010000000000
000000000000010000000000000000000000000000000100010000000000
000000000000000001000000000000000000000000000000000000000000
000000000000000000100000000000000000000000000000000000000000
100011001100000100000000000000000000000000000000000001000000
100011001100000010000000000000000000000000000000000001000000
000000010011010000000000000000000000000000000001000000000000
000000010010110000000000000000000000000000000001000000000000
000000000010001000000000000000000000000000000000000000000000
000000010001110000000000000000000000000000000001000000000000
000000000001001000000000000000000000000000000000000000000000
100010001100000000000000000000000000001100000000000001000000
000000000011110000000000000000000000000000000001000000000000
110110001010010100000000000000100000000100000001000001000000
100010001100000110000000000000000000000000000000000001000000
100011001000000110000000000000000000000000000000000001000001
101010000000000000000000000000000000000000000000000000000000
110010011010010100000000000000100000000100000001000001000000
110000000100000000000000000000000000000000000000000000000000
101000000100000000000000000000000000000000000000000000000000
011100000000000000000000000000000000000000000000000000000000
001110000000000000000000000000000000000000000000000000000000
000010001000000000000000000000000000000000000000000000000000
011000000100000000000000000000000000000000000000000000000000
