PI G0 PI G1 PI G2 PI G3 PI G4 PI G5 PI G6 PI G7 PI G8 PI G9 PI G10 PI G11 PI G12 PI G13 PI G29 PI G30 PI G31 PI G32 PI G33 PI G34 PI G35 PI G36 PI G37 PI G38 PI G39 PI G40 PI G41 PI G42 PI G43 PI G44 PI G45 PI G46 
01110101100110000000001100000000
01010100000000000000001100000000
01111110010001000000000000000000
00000000000010000000000000000001
00001000100010001000000000000001
00000000100001010000000000000000
00100100100001010000000000000000
01001010100001010000000000000000
00111110010000000000000000000000
00100000000000000000000000000000
00000001001100000001000000010000
00000000000000000001000000010000
00000000010100000001000000010000
10101000100010001000000000000001
10000100100010001000000000000001
01100110100001010000000000000000
10101100100010001000000000000001
00111110110000000000000000000000
01111110101001000000000000000000
00001010000110000000000000000001
00001001010110010000000000000001
00001010100110000000000000000001
00001010100010001000000000000001
00001010001010000000000000000001
00000000000000000000010000000000
11111000100010001000000000000001
01111000100001010000000000000000
01010010100001010000000000000000
00001110011100000000000000000000
10011100100010001000000000000001
00111000000100000000100000000000
00110000000100000000100000000000
00000001110000000001000000000000
00000001010000000100000000000000
00000000000000000100000000000000
01011110100001010000000000000000
01100000000010000000000000000000
00101100100001010000000000000000
01010000100001010000000000000000
10000010001000000000000000000000
10001010001000000000000000000000
00000001001000000100000000000000
00000000100100000001000000010000
00000011100000000000000000000000
00000001000000000000000000000000
10100110001000000000000000000000
00100110100000010100000000000000
00100000100000010100000000000000
10011010001000000000000000000000
01011000100010001010000000000001
10010000100010101010000000000001
01011100100010001000000000000001
01110010011101000000000000000000
01101010011101000000000000000000
11010000100010001000000000000001
00000001010100000001000000010000
00001010110110000000000000000001
01110110100001010000000000000000
01001100100001010000000000000000
01111010000000000000000000000000
11000100100010001000000000000001
00000001100000010000000000000000
00001010111010001000000000000001
00000010101100000000000000000000
00000000111000000001000000000000
00000001111000000001000000000000
00000011110000000000000000000000
11110100100010001000000000000001
11111100100010001000000000000001
11110000100010001000000000000001
10001000100010001000000000000001
00111111111100000000000000000000
00011010011100000000000000000000
01110111100110000000001100000000
00100010000010000000000100000000
00001011010010000000000000000001
00111010011101000000000000000000
00111010110101000000000000000000
11011000100010001010000000000001
00001011011010000000000000000001
00001001001010000000000000000001
01110101100101000000001000000000
00000000000010000000010000000000
01111110010010000000000000000000
00011010110101000000000000000000
00111100100000010110000000000000
00001000100000010100000010000000
00001000000011000000000010000000
00010100100000010110000000000000
00010000100010001000000000000001
00101000100000010100000000000000
11111111111110000000000000000000
01101011000101000000000000000000
00110001000101000000000000000000
00000000100010001000000000000001
00000001111100000000000000000000
01010110010001000000000000000000
00011011100100000000000000000000
00011011000100000000000000000000
01110011100101000000000000000000
01100001100101000000000000000000
01110000000110000000000000000000
00001001000110010000000000000001
00000001000000000000010000000000
01101110100001010000000000000000
00111010001001000000000000000000
00001001111100000000010000000000
00000000011100000000000000000000
00001001100100000000010000000000
00001111100100000000000000000000
00110000000001000000000000000000
00001000000010000000000000000001
00001001100110010000000000000001
00001001000010010000000000000001
00011010110100000000000000000000
01100110001110000000000000000000
01100010001110000000000000000000
00001000011010000000000000000001
00101110100000010100000000000000
01111100100001010000000000000000
01001000100001010000000000000000
01000010100001010000000000000000
01101000100010001000000000000001
00010010100000010100000000000000
00001010011110000000000000000001
00001001011010000000000000000001
01110100101110000000001000000000
01001110100001010000000000000000
01100000100010001000000000000001
00100010100000010100000000000000
11110101100110000000001000000000
00111010011000000000000000000000
00011010011101000000000000001000
00110011000100000000100000000000
01111111111101000000000000000000
00001111000100000000000000000000
01101010110101000000000000000000
00000001111100000100000000000000
00001001001000000000010000000000
00100100010000000000000000000000
00101010110101000000000000000000
00101110100001010000000000000000
01100010100001010000000000000000
11111000100011010000000000000000
00111110000000000000000000000000
00000000110100000001000000010000
00011010100100000000000000000000
01100000001110000000000000000000
00001011000110000000000000000001
00001000110010000000000000000001
01100010000110000000000000000000
00000000000100000001000000000000
00000000000000010100000000000000
00001010110010001000000000000001
00011010010100000000000000000000
01000100100001010000000000000000
00111011000101000000000000000000
11100010001000000000000000000000
10010010001000000000000000000000
00011010100000010100000000000000
00111010100000010100000000000000
00110001111100000000100000000000
00101110010001000000000000000000
01100010001110000000000100000000
01010110100001010000000000000000
00100000100001010000000000000000
10110010001000000000000000000000
01100001000101000000000000000000
00001000010110000000000000000001
00001110001000000000000000000000
00001010111110000000000000000001
00110000011100000000100000000000
00110001100100000000100000000000
01110110010001000000000000000000
00000111100100000000000000000000
01111110100001010000000000000000
11110101111110000000000000000000
11100100100010001000000000000001
01100001100110000000001000000000
11101011111110000000000000000000
00011000100010001010000000000001
10110000100010001000000000000001
00001100100010001000000000000001
00000000000000000000010000000100
00100100100001010000000000001000
00001000100010001000000000010001
00001000100010001000000001000001
00000000100001010100000000000000
00111010110100000000000000000000
00111111111110000000000000000000
00111010110111000000000000000000
10001000100000001000000000000001
00011010110000000000000000000000
01110011100001000000000000000000
00001010101010000000000000000001
00000001101000000001000000000000
00000001011000000001000000000000
00110001100101000000000000000000
00001011111110001000000000000001
01110011011101000000000000000000
01110000011101000000000000000000
00000010000000000000010000000000
00001011000010010000000000000001
00110011000101000000100000000000
01110110011101000000000000000000
00111010010000000000000000000000
01110010001110000000000000000000
00111110100000010100000000000000
01011000100001010000000000000000
00100001000101000000000000000000
10000110001000000000000000000000
10001100100010001000000000000001
00100000000000000000010000000000
01011110010001000000000000000000
01111010110101000000000000000000
00111110010001000000000000000000
00000000000000000000000000100000
00000000000000000000000000000010
01110101100110000000001000000000
01110111100110000000001000000000
11111111111110000000000100000000
01110101100110000000000000000000
00110000000100000000000000000000
00001000100010000000000000000001
00001001000010000000000000000001
10001000100011001000000000000001
00010100100001010100000000000000
00100100100000010000000000000000
10010100100010110110000000000000
00110000000000000000100000000000
00001110011000000000000000000000
01110101100010000000001000000000
00001110010100000000000000000000
00001010101110001000000000000001
00000001111100000001000000010000
00001000000010001000000000000001
01110101000110000000001000000000
00001000000010010000000000000001
01100011001110000000000000000000
00000011101100010000000000000000
00110100000100000000100000000000
00011110110100000000000000000000
00000000100000010100000010000000
00100000000100000000100000000000
00010000000000000000010000000000
00000100100010001000000000000001
00010000000100000000100000000000
01010101100110000000001000000000
00101000100010001000000000000001
00110101100110000000001000000000
01000100100010001000000000000001
01111111111110000000000000000000
01100100100010001000000000000001
