PI G0 PI G1 PI G2 PI G3 PI G4 PI G5 PI G6 PI G7 PI G8 PI G9 PI G10 PI G11 PI G12 PI G13 PI G29 PI G30 PI G31 PI G32 PI G33 PI G34 PI G35 PI G36 PI G37 PI G38 PI G39 PI G40 PI G41 PI G42 PI G43 PI G44 PI G46 
1000011011101000100000000000001
1000011010001000100000000000001
1000011010011000100000000000001
0000001111000000000000000000000
0000001110000000000000000000000
0000001010110000000000000000000
0111101000000000000000000000000
0101000000000000000000000000000
1110010001001000000000000000001
0110010001001000000000000000001
1011010001001000000000000000001
1111010001001000000000000000001
0011111001000100000000000000000
0011111001000000000000000000000
0000000000000000000001000000000
0001101110010000000000000000000
0001101000010000000000000000000
0001101011010000000000000000000
0000111110010000000000000000000
1000011101001000000000000000001
0000000111000000000100000000000
1000010101101000000000000000001
0000000100110000000100000001000
0000000001110000000100000001000
0101001101000100000000000000000
0100010101000100000000000000000
0101110101000100000000000000000
0000101101000000010000000000000
0010011101000000010000000000000
0101000101000100000000000000000
0100100101000100000000000000000
0100101101000100000000000000000
0011011101000100000000000000000
0010011101000100000000000000000
0010111101000000010000000000000
0010100101000000010000000000000
0000000010000000000001000000000
0000111001110000000000000000000
1001001000000000000000000000000
1001101000000000000000000000000
1110001000000000000000000000000
0110001000000000000000000000000
1010110001001000000000000000001
1010011000000000000000000000000
0110001101000100000000000000000
0100111101000100000000000000000
0000000011010000000000000000000
0000000101110000000000000000000
1001110001001000000000000000001
1011100001001000000000000000001
1110110001001000000000000000001
0011000010010000000010000000000
0011111111110000000000000000000
0000100000000000000001000000000
0011001100010100000000000000000
0011000100010100000000000000000
1000011100011000000000000000001
1000011000101000000000000000001
1000011001111000000000000000001
0000000011100000000100000000000
0000000101010000000100000001000
0110100101000100000000000000000
1100010001001000000000000000001
0010110101000100000000000000000
0000000001001000000000000000001
0111100000000000000000000000000
0111100101000100000000000000000
0100000000100000000000000000000
0011101101000000010000000000000
1111001000000000000000000000000
1101110001001000000000000000001
0110111101000100000000000000000
0100001101000100000000000000000
1000010001001000000000000100001
1000011101101000000000000000001
0101100001001000001000000000001
1000010001001010000000000000001
0011110101000000011000000000000
0001010101000000011000000000000
1000110001001000000000000000001
0000100101000000010000001000000
1000010001000000000000000001001
0000000101001100010000000000000
0110110101000100000000000000000
1000101000000000000000000000000
0000001111100000000100000000000
0011001110010000000010000000000
0001101010010000000000000000000
0011111000000000000000000000000
0000100100000000000001000000000
0001101001000000000000000000000
1000011011001000100000000000001
0000000010010000000100000001000
0101111001000000000000000000000
0111111001000100000000000000000
0111111100000100000000000000000
0000000011010000000100000001000
0011101001110100000000000000000
1000010011111001000000000000001
1000010011011001000000000000001
0000111110000000000000000000000
0011111001010000000000000000000
1000010001101000000000000000001
0001000001001000000000000000001
0011000101010000010010000000000
0110001000111000000000000000000
0110001000011000000000000000000
0110101000111000000000000000000
0001101110000000000000000000000
0110001000101000000000000000000
0111011110011000000000110000000
0111011100001000000000110000000
0000001000111000000000000000000
1111111111111000000000010000000
0010000100010100000000000000000
0010000000010000000010000000000
0111010110011000000000110000000
0000000111110000000000000000000
0000100001001000000000000000001
0111111111110100000000000000000
0000100111110000000001000000000
0101011101000100000000000000000
0111111101000100000000000000000
0110000110011000000000100000000
1110101111111000000000000000000
0110001000111000000000110000000
0111010001000100000000000000000
1111010111111000000000000000000
0010010111110100000000000000000
0010010100100100000000000000000
0010000111110000000000000000000
1111111100101000000000000000000
0000000000010000000100000001000
1111111011011000000000000000000
1111110001001000000000000000001
0011111101000000010000000000000
0100110101000100000000000000000
0111101110010100000000000000000
0111001110010100000000000000000
0111001001110100000000000000000
0010000001110100000000000000000
0011101110010100000000000000000
0010000000000000000001000000000
0101111001000100000000000000000
0010010001000000000000000000000
0000111000010000000000000000000
0011001000010000000010000000000
0000000110000001000000000000000
0100000100000001000000000000000
1000010100011000000000000000001
1000010011001000000000000000001
0000001000000000000001000000000
0100011101000100000000000000000
0110000101000100000000000000000
0000001111110000000000000000000
1000011100001001000000000000001
1000010100001001000000000000001
0011000000110000000010000000000
1000010110011001000000000000001
0011000000000000000010000000000
0111001110000100000000000000000
0001101001110000000000000000000
0111010110010000000000110000000
0111011110010000000000110000000
0010010010000101000000000000000
0000000000000000010000000000000
0011101100010000000000000000000
0000000001001000000001000000000
0001101110011000000000000000000
0111001000010100000000000000000
0011101010010100000000000000000
0011101011010100000000000000000
0011101011110100000000000000000
0001101001010000000000000000000
0010010000000101000000000000000
0011101001010100000000000000000
0011000100010000000010000000000
0010000011010100000000000000000
0000001101001000000000000000000
0000000111110000000100000001000
1000010000011001000000000000001
1000011111111000100000000000001
0000111101110000000000000000000
1000010111001000000000000000001
0111001101110100000000000000000
1100110001001100000000000000001
0000001101000000010000000000000
0011111111111000000000000000000
0011001110011000000010000000000
0011111001001000000000000000000
0111111001001000000000000000000
0011000111110000000010000000000
1000100001001000000000000000001
0101001001110000000000000000000
0110010001000000000000000000001
1110001000111000000000000000000
1101100001001000001000000000001
1000010101100000000000000000001
1000011001010000000000000000001
0100110001000000000000000000001
0001000000000000000001000000000
0101100101000100000000000000000
0100110001001000000000000000001
0111001000111000000000000000000
1111110001000000001000000000001
0110000000111000000000000000000
0110011000111000000000000000000
0011111110010100000000000000000
0100110000000100000000001000000
1000011010111000100000000000001
0000001110100000000000000000000
0001001101000000010000000000000
0111011010011000000000110000000
0000000000000000000000000010000
0000000000000000000001000000010
0010010101000100000000000000100
1000010001001000000000000001001
0111011110011000000000100000000
0111011110011000000000010000000
0011000000010000000000000000000
1000010100001000000000000000001
0010010010000100000000000000000
0000000101000100010000000000000
0111001110010000000000000000000
0000000101001000010000000000000
0111011110001000000000110000000
1000011100101000000000000000001
0000000110100000000100000000000
1000010010011001000000000000001
0000000101100000000100000000000
0111011100011000000000110000000
1000010000001000100000000000001
0000000010000000100000000000000
0011000110010000000010000000000
0000100001000000000001000000000
0111000110010100000000000000000
1111000001001000000000000000001
1010001000000000000000000000000
1001010001001000000000000000001
0000000101000000010000001000000
0011010101000000011000000000000
0110001110010100000000000000000
0100001000111000000000000000000
1101111111111000000000000000000
0001000000010000000010000000000
1011001000000000000000000000000
0010010001001000000000000000001
0111000100010100000000000000000
0010001000111000000000000000000
0011001110010100000000000000000
0000010101000100000000000000000
0111101011010100000000000000000
0001110001001000000000000000001
0111111111111000000000000000000
