PI G0 PI G1 PI G2 PI G3 PI G4 PI G5 PI G6 PI G7 PI G8 PI G9 PI G10 PI G11 PI G12 PI G13 PI G14 PI G15 PI G16 PI G22 PI G23 PI G24 PI G25 PI G26 PI G27 PI G28 PI G29 PI G30 PI G31 PI G32 PI G33 PI G34 PI G35 PI G36 PI G37 PI G38 PI G39 PI G40 PI G41 PI G42 PI G43 PI G44 PI G45 PI G46 PI G47 PI G48 PI G49 PI G50 PI G51 PI G52 PI G53 PI G54 PI G55 PI G56 PI G57 PI G58 PI G59 PI G60 PI G61 PI G62 PI G63 PI G64 PI G65 PI G66 PI G67 PI G68 PI G69 PI G70 PI G71 PI G72 PI G73 PI G74 PI G75 PI G76 PI G77 PI G78 PI G79 PI G80 PI G81 PI G82 PI G83 PI G84 PI G85 PI G86 PI G87 PI G88 PI G89 PI G90 PI G91 PI G92 PI G93 PI G94 PI G95 
0000000000000010000000000000000000000000000000000000000000000000000000000000000000000000010
0000000000000010000000000000000000000000000000000000000000000000000000000000000000000000000
0000000000000110000000000000000000000000000000000000000000000000000000000000000001000001000
0000000000000110000000000000000000000000000000000000000000000000000000000000000000000001000
0000000000000110000000000000000000000000000000000000000000000000000000000000000001000010000
0000000000000110000000000000000000000000000000000000000000000000000000000000000000000010000
0000000000000110000000000000000000000000000000000000000000000000000000000000000001000100000
0000000000000110000000000000000000000000000000000000000000000000000000000000000000000100000
0000000000000000000000000000000000000000000000000000000000000000000000000100000000000000000
0000000000000000000000000000000000000000000000000000000000000000000000001000000000000000000
0000000000000000000000000000000000000000000000000000000000000000000000010000000000000000000
0000000000000000000000000000000000000000000000000000000000000000000000100000000000000000000
0000000000000010000000000000000000000000000000000000000000000000011000000000000000000000000
0000000000000010000000000000000000000000000000000000000000000000101000000000000000000000000
0000000000000010000000000000000000000000000000000000000000000001001000000000000000000000000
0000000000000010000000000000000000000000000000000000000000001100000000000000000000000000000
0000000000000010000000000000000000000000000000000000000000110000000000000000000000000000000
0000000000000010000000000000000000000000000000000000000001000000000000000000000000000000000
0000000000000010000000000000000000000000000000000000000010000000000000000000000000000000000
0000000000000010000000000000000000000000000000000000000100000000000000000000000000000000000
0000000000000010000000000000000000000000000000000000001000000000000000000000000000000000000
0000000000000010000000000000010000000000000000000000010000000000000000000000000000000001000
0000000000000010000000000000000000000000000000000001000000000000000000000000000000000000000
0000000000000010000000000000000000000000000000000010000000000000000000000000000000000000000
0000000000000010000000000000000000000000000000001000000000000000000000000000000000000010000
0000000000000010000000000000000000000000000000010000000000000000000000000000000000000000000
0000000000000000001000000000000000000000000000000000000000000000000000000000000000000000000
0000000000000000000000000000000000000000010000000000000000000000000000000000000000000000000
0000000000000000000000000000000000000000100000000000000000000000000000000000000000000000000
0000000000000000000000000000000000000001000000000000000000000000000000000000000000000000000
0000000000000000000000000000000000000010000000000000000000000000000000000000000000000000000
0000000000000000000000000000000000000100000000000000000000000000000000000000000000000000000
0000000000000010000000000000000001000000000000000000000000000000000000000000000000000000000
0000000000000010000000000000100000000000000000000000000000000000000000000000000000000000000
0000000000000010000000000001000000000000000000000000000000000000000000000000000000000000000
0000000000000010000000000010000000000000000000000000000000000000000000000000000000000000000
0000000000000010000000110000000000000000000000000000000000000000000000000000000000000000000
0000000000000010000001000000000000000000000000000000000000000000000000000000000000000000000
0000000000000010000100000000000000000000000000000000000000000000000000000000000000000000000
0000000000000010000000000000001001000000000000000000000000000000000000000000001110000000000
0000000000000010000000000000000000000000000000000000000000000000000000000000000110000000000
0000000000000010100000000000010011000000000000000000100000000000000001111011110000000101000
0000000000000010100000000000010011000000000000000000100000000000000000001100000000000101000
0000000000000010100000000000010011000000000000000000100000000000000001111011010000000101000
0000000000000010100000000000010011000000000000000000100000000000000001111010110000000101000
0000000000000010100000000000010011000000000000000000100000000000000001111001110000000101000
0000000000000010000000000000000000000000000000000000000000000000010000000000000000000000000
0000000000000010000000000000000000000000000000000000000000000011101110000000000000000000000
0000000000000010000000000000000000000000000000000000000000000000110000000000000000000000000
0000000000000010000000000000000000000000000000000000000000000001010000000000000000000000000
0000000000000010000000000000000000000000000000000000000000000010010000000000000000000000000
0100000000000010000000000000001000000001110000000000000000000000000000000000000000000000000
0000000000000010000000000000001000000111110000000000000000000000000000000000000000000000000
0001100000000010000000000000001000000110000000000000000000000000000000000000000000000000000
0000100000000010000010000000000000000000010000000000000000000000000000000000000000000000000
0001000000000010000010000000000000000000110000000000000000000000000000000000000000000000000
0010000000000010000010000000000000000001110000000000000000000000000000000000000000000000000
0100000000000010000010000000000000000011110000000000000000000000000000000000000000000000000
1000000000000010000010000000000000000111110000000000000000000000000000000000000000000000000
0111110000000010000000000000001001000000000000000000000000000000000000000000000000000000000
0000001000000010000000000000001000000000000000000000000000000000000000000000000000000000000
0000000000000010000000000111100000000000000000000000000000000000000000000000000000000000000
0000000000000010000011000000000000000000000000000000000000000000000000000000000000000000000
0000000000000010000010000000000000000000100000000000000000000000000000000100000110000100000
0000000000000010000010000000000000000000100000000000000000000000000000000000000000000100000
0000000000000010000010000000000000000001010000000000000000000000000000001100000110000100000
0000000000000010000010000000000000000010110000000000000000000000000000011100000110000100000
0000000000000010000010000000000000000010110000000000000000000000000000001100000110000100000
0000000000000010000010000000000000000101110000000000000000000000000000111100000110000100000
0000000000000010000000000000001001000011100000000000000000000100000001111011110110000100000
0000000000000010000000000000001001000011100000000000000000000100000000111001110110000100000
0000000010000010000010000000000000000011110000000000000000000000000001111100000000000100000
0000000000000010000010000000000000000011110000000000000000010000000001111100000000000100000
0000000000000010100000000000010011000000000000000000100000000000000001111111110000000101000
0000000000000010000000000000000000000000000000000000000000000011111110000000000000000000000
0000000000000000000000000000000000000000001111000000000000000000000000000000000000000000000
0000000000000000010000000000000000000000000000000000000000000000000000000000000000000000000
0000000000000000010000000000000000000000000001000000000000000000000000000000000000000000000
0000000000000010000000000000001000000111100000000000000000000000000000000000000000000000000
0000000000000010000000000000001000000111010000000000000000000000000000000000000000000000000
0000000000000010000000000000001000000101110000000000000000000000000000000000000000000000000
0000000000000010000000000000000000110000000000000000000000000000000000000000000000000000000
0000000000000010000000000000010000100000000000000000000000000000000000000000000000000001000
0000000000000010000000000000000100000000000000000000000000000000000000000000000000000010000
0000000000000010000000001000000000000000000000000000000000000000000000000000000000000001000
0000100000000010000100000000000000000000010000000000000000000000000000000000000000000000000
0000000000010010000000000000000000000000000000000000000000000000000000000000000000001000000
0000000000000000000011010000000000000000000000000000000000000000000000000000000000000000000
0000000000100110000000000000000000000000000000000000000000000000000000000000000001000010000
0000000000100110000000000000000000000000000000000000000000000000000000000000000001000100000
0000000000000010000000000000000000000000000000000000000000000000000000000000000000011000000
0000000000010010000000000000000000000000000000000000000000000000000000000000000000000000010
0000000000000010000000000000000000000000000000000000000000000000010000000010000000000010000
0000010000000010000000000000000000000000000000000000000000100000010000000000000000000100000
0000000000000000000000000000000000000000000000001000000011000000000000000000000000001000010
0000000000000000000000000000000000001000000000000000000000000000000000000000000000010000010
0000000000000000000000000111100000000000000000000000000000000000000000000000000000100000010
0000000000000010000000000000000000000000000000000000000000000100001000000100001000000100000
0000000000000010000000000000000000000000000000000000000000000000001000000010001000000100000
0000000000000010000000000000001000000000000000000000000000000000000000000000001010000000000
0000000010000010000010000000000000000011110000000000000000000000000001111100000010000100000
0000000000000010000010000000000000000011110000000000000000010000000001111100000010000100000
0000000001000000000000000000000000000000000000000000000000000000000000000010000000000000000
0000000000000000000000000000000000000000000000000000000000000000000001111000000000000000000
0000000000000000000000000000000000000000000000000000000000000000000001111100000000000000000
0000000000000000000000000000000000000000000000000000000000000000000001110000000000000000000
0000000000000000000000000000000000000000000000000000000000000000000001100000000000000000000
0000000000000000000000000000000000000000000000000000000000000000000001000000000000000000000
0000000000000000000000000000000000000000000000000000000000100000000000000000000000000000000
0100000000000000000000000000000000000000000000000000000000000000000000000000000000000000000
1000000000000000000000000000000000000000000000000000000000000000000000000000000000000000000
0000000000000010000000000000000000000000000000000000000000000011100000000000000000000000000
0000000000000010000000000000000000000000000000000000000000000011000000000000000000000000000
0000000000000010000000000000000000000000000000000000000000000011000000000000000000000100000
0000001000000010000000000000000000000000000000000000000000000000000000000000000000000000000
0000000000000010000000000000000000000000000000000000000000000000000000000000001110000100000
0000000000000000000000000000001001000000000000000000000000000000000000000100001000000000000
0000000000000010000000000000000000000000000000001000000011000000000000000000000000000000000
0000000000000010000000000000000000000000000000001000000100000000000000000000000000000000000
0000000000000010000000000000000000000000000000001000011000000000000000000000000000000010000
0000000000000010100000000000000000000000000000000000011000000010000000000100000000000100000
0000000000000010000000000000000000000000000000000000010000000000000000000000000000000000000
0000000000000010000000000000000000000000000000000000001000000010000000000000000000000100000
0000000000000010000000000000000000000000000000000110000000000000000000000000000000000000000
0000000000000010000000000000000000000000000000000100000000000000000000000000000000000000000
0000000000000010000000000000000000000000000000000101000000000000000000000000000000000000000
0000000000000010000000000000000000000000001000000000000000000000000000000000000000000010000
0000000000000010000000000000000000000000001000000101000000000000000000000000000000000010000
0000000000000010000000000000000000000000000000110000000000000000000000000000000000000000000
0000000000000010000000000000000000000000000000100000000000000000000000000000000000000000000
0000000000000010000000000000000000000000000000110000000000000000000000000000000000000010000
0000000000000010100000000000000000000000000000000000000000000000000000000100000000000110000
0000000000000001010000000000000000000000000000000000000000000000000000000000000000000000000
0000000000000001001000000000000000000000000000000000000000000000000000000000000000000000000
0000000000000010000000000000000000000000000011000000000000000000000000000000000000000000000
0000000000000010000000000000000000000000000110000000000000000000000000000000000000000000000
0000000000000001000000000000000000000111101111000000000000000000000000000000000000000000000
0000000000000001000000000000000000000111111111000000000000000000000000000000000000000000000
0000000100000001000000000000000000000000001111000000000000000000000000000000000000000000000
0000000000000001000000000000000000000111001111000000000000000000000000000000000000000000000
0000000000000001000000000000000000000110001111000000000000000000000000000000000000000000000
0000000000000001000000000000000000000100001111000000000000000000000000000000000000000000000
0000000000000010000000000000000000000000000000001000000010000000000000000000000000000000000
0000000000000010000000000000000000000000000000000000000001000010000000000000000000000110000
0000000000000010100000000000000000000000000000001000011011000010000000000100000000000110000
0000000000000010000000000000000010001000000000000000000000000000000000000000000000000010000
0000000000000000000000000000010000000000000000000000000000000000000000000000000000100000010
0000000000000010000011010111100000001000000000000000000000000000000000000000000000000001000
0000000000000010000000000000000010000000000000000000000000000100001000000010000000000100000
0000000000000010000000000000010000000000000000000110000000000000000000000000000000000001000
0000000000000010000000000000010000000000001000000101000000000000000000000000000000000011000
0000000000000010000000000000000000010000000000000000000000000000000000000000000000000000000
0000000000000010000000000000000010011000000000000000000000000000000000000000000000000010000
0000000000000010000000000000000100000000000000000000000000000000000000000000000000000000000
0000000000000000000011010111110000000000000000000000000000000000000000000010000000000001000
0000000000000010000000000111110000000000000000000000000000000000000000000000000000000000000
0000000000000010000000001000000000000000000000000000000000000000000000000000000000000000000
0000000000000010000000000111000000000000000000000000000000000000000000000000000000000000000
0000000000000010000000000110000000000000000000000000000000000000000000000000000000000000000
0000000000000010000000000100000000000000000000000000000000000000000000000000000000000000000
0000000000000010000000001110000000000000000000000000000000000000000000000000000000000000000
0000000000000010000011100000000000000000000000000000000000000000000000000000000000000000000
0011000000000010000010000000000000000001010000000000000000000000000000000000000000000000000
1100000000000010000010000000000000000101110000000000000000000000000000000000000000000000000
0000000000000000000000000000000000000000000000000000000000000000000000000000000000000000001
0000000000000000000000000000000000000000000000000000000000000000000000000000000000000000100
0000100000000000000000000000000000000000000000000000000000100000000000000000000000000000000
0001000000000000000000000000000000000000000000000000000000100000000000000000000000000000000
0010000000000000000000000000000000000000000000000000000000000000000000000000000000000000000
0000000000001010000000000000000000000000000000000000000000000000000000000000000000000000000
0000000010000010000000000000001000000000000000000000000000000000000000000000001010000000000
0000000010000000000000000000000000000000000000000000000000000000000000000000000000000000000
0000001000000000000000000000000000000000000000000000000000000000000000000000000000000000000
0000000000000000000000000000001001000000000000000000000000000000000000000000001110000000000
0000000000100110000000000000000000000000000000000000000000000000000000000000000001000001000
0000000000100000000000000000000000000000000000000000000000000000000000000000000000000000000
0000000000000010000000000000000000000000000000000000000000000000000000000000000000001000000
0000000000010010000000000000000000000000000000000000000000000000000000000000000000000000000
0000000000000010000000000000000000000000000000000000000000000000000000000000000000001000010
0000000000010010000000000000000000000000000000000000000000000000000000000000000000010000000
0000000000010010000000000000000000000000000000000000000000000000000000000000000000100000000
0000000000010000000000000000000000000000000000000000000000000000000000000000000000000000000
0000000000000010000000000000000000000000000000000000000000000000000000000000000000100000010
0000000000000000000011010000000000000000000000000000000000000000000000000000000000000000010
0000000000000100000000000000000000000000000000000000000000000000000000000000000000000000000
0000000000000010000000000000000001000000000000000000000000010000000001000000001010000100000
0000000000000000000000000000000000000000000000000000000000000000000000000100000000000100000
0000000000000001000000000000000000000000001111000000000000000000000000000000000000000100000
0000000000000010000010000000000000000011110000000000000000000000000001111100000010000100000
0000000000000010000000000000000000000000000000000000000000001000010000000000000000000000000
0000000010000010000010000000000000000011110000000000000000000000000001111100000100000100000
0000000000000010000010000000000000000000100000000000000000010000000000000100000000000100000
0000000000000010000010000000000000000001000000000000000000010000000000001000000000000100000
0000000000000010000010000000000000000010000000000000000000010000000000010000000000000100000
0000000000000010000010000000000000000100000000000000000000010000000000100000000000000100000
0000000000000010000000000000001001000000000000000000000000010100000001000010000000000100000
0000000001000000000000000000000000000000000000000000000000000000000001110011110000000000000
0000000001000000000000000000000000000000000000000000000000000000000001100011100000000000000
0000000001000000000000000000000000000000000000000000000000000000000001000011000000000000000
0000000000000000000000000000000000000000000000000000000000000011000000000000000000000000000
0000000000000000000000000000000000000000000000000000000000000010000000000000000000000000000
0000000000000000000000000000000000000000000000000000000000001100000000000000000000000000000
0000000000000010100000000000010011000000000000000000100000000100000000000100000000000101000
0000000000000000000000000000000000000000000000000000000000110000000000000000000000000000000
0000000000000000000000000000000000000000000000001000000010000000000000000000000000000000000
0000000000000000000000000000000000000000000000000000010000000000000000000000000000000000000
0000000000000000000000000000000000000000000000100000000000000000000000000000000000000000000
0000000000000010000000000000000010000000000000000000000000000100001000000010000000000101000
0111110000000010000000000000001000000000000000000000000000000000000000000100000000000000000
0000000010000010000000000000001000000000000000000000000000010000000000000000001010000000000
0000000001000010000000000000000000000000000000000000000000000000001000000010000000000000000
0000000100000011000000000000000000000000001111000000000000000000001000000000000000000000000
0001100000000010000010000000000000000000100000000000000000000000000000000100000110000000000
0011000000000010000010000000000000000001010000000000000000000000000000001000000110000000000
0110000000000010000010000000000000000010110000000000000000000000000000010000000110000000000
1100000000000010000010000000000000000101110000000000000000000000000000100000000110000000000
1000000000000010000000000000001000000011110000000000000000000000000001000000000110000000000
0000000000000010100000000000000000000000000000000000000001000000000000000100000000000110000
0000000000000010000000000000000000000000000001000000000000000000000000000000000000000010000
0000000000000010000000000000000000000000000010000000000000000000000000000000000000000010000
0000000000000010000000000000000000000000000100000000000000000000000000000000000000000010000
0000000000000010000000000000000000000000000100000000000000000000000000000000000000000000000
0000000000001000000000000000000000000000001000000000000000000000000000000000000000000000000
0000000100000001000000000000000000000111101111000000000000000000000000000000000000000000000
0000000100000001000000000000000000000111001111000000000000000000000000000000000000000000000
0000000100000001000000000000000000000110001111000000000000000000000000000000000000000000000
0000000100000001000000000000000000000100001111000000000000000000000000000000000000000000000
0000000000000000000000000000011000000000000000000000000000000000000000000100001000000000000
0000000000000000000000000111110000000000000000000000000000000000000000000000000000100000010
0000000000000000000000000111000000000000000000000000000000000000000000000000000000000000000
0000000000000000000000000110000000000000000000000000000000000000000000000000000000000000000
0000000000000000000000000100000000000000000000000000000000000000000000000000000000000000000
0000000000000000000011000000000000000000000000000000000000000000000000000000000000000000000
0000000000000000000010000000000000000000000000000000000000000000000000000000000000000000000
0000000000000000000000000000000000000000000000001000000000000000000000000000000000000000000
0000000000000000001000000000000000000100001111000000000000000000000000000000000000000000000
0000000000000010000000000000000000000000000000000000000000000000010000000010000000000000000
0000000000000010100000000000010011000000000000000000100000000000000000000100001000000101000
0000000000000010100000000000010011000000000000000000100000000000000000001000010000000101000
0000000000000010100000000000010011000000000000000000100000000000000001110011110000000101000
0000000000000010100000000000010011000000000000000000100000000000000000010000100000000101000
0000000000000010100000000000010011000000000000000000100000000000000001101011110000000101000
0000000000000010100000000000010011000000000000000000100000000000000000100001000000000101000
0000000000000010100000000000010011000000000000000000100000000000000001011011110000000101000
0000000000000010100000000000010011000000000000000000100000000000000001000010000000000101000
0000000000000010000010000000000000000001010000000000000000000000000000000100000110000100000
0000000000000010000000000000000000000000000000000000000000000000100010000000000000000000000
0000000000000010000000000000000000000000000000000000000000000011001110000000000000000000000
0000000000000010000000000000000000000000000000000000000000000001000100000000000000000000000
0000000000000010000000000000000000000000000000000000000000000010101110000000000000000000000
0000000000000010000000000000000000000000000000000000000000000010001000000000000000000000000
0000000000000000000000000000000000000000000000001000000010000000000000000000000000001000010
0000000000000010000000000000000000000000000000001000010000000000000000000000000000000010000
0000000000000001000000000000000000000100001110000000000000000000000000000000000000000000000
0000000000000001000000000000000000000100001101000000000000000000000000000000000000000000000
0000000000000000010000000000000000000000000010000000000000000000000000000000000000000000000
0000000000000001000000000000000000000100001011000000000000000000000000000000000000000000000
0000000000000000010000000000000000000000000100000000000000000000000000000000000000000000000
0000000000000001000000000000000000000100000111000000000000000000000000000000000000000000000
0000000000000000010000000000000000000000001000000000000000000000000000000000000000000000000
