PI CLR PI v6 PI v5 PI v4 PI v3 PI v2 PI v1 PI v0 PI v12 PI v11 PI v10 PI v9 PI v8 PI v7 
10000000010100
11001110000100
10000100000100
10000000111110
10000000101100
10001000111110
00000100010110
01001000001110
00000001011000
00000000011000
00110000000000
00110000000001
00000010111010
00000010111000
00000000001001
00100000000000
00110001010000
00000100010001
00000100111011
00100000011000
00100000010110
10000100110010
10000110011010
00000000000000
00000000010110
10001000010010
10000000010010
10110000000000
10000000000000
11000010000100
10000000100000
10001000100000
10110100010110
10000100001100
11000000001110
10110000010110
10001000001110
10000000001010
10000100001010
10000100111011
10000000011101
10001100000100
10000000000100
11001001111110
10001001111110
10110000011000
11001000111110
00100000100000
00000000100011
00000000000111
10001000000110
10000000001101
10000000001011
00000000110000
10000000100011
10000000000111
10000000100110
00000010011101
00100100010110
10110000001001
00000000111011
00000000101000
10000000110010
10000010110010
10001000011110
10000100011011
00000000111100
10000000011000
10110001011000
10000000101011
10000000010001
10000100001011
11000000100000
10000000110100
10000000111011
10000001001000
10000001011110
11001000111000
11000010100100
00000000100111
01001100001110
00000000010011
11001010000100
00100000001110
00100001010100
00100000000010
00100000010000
00000100111100
00000000010111
10000000011100
00100001011000
11111000000110
10110000000110
10110000001100
00000100011000
10110000001000
11000010010100
10000000000011
00000000001111
00010000011000
10000000001111
00000000101111
00010000001000
00010000010110
00010000011101
00000101001000
00000100011100
00001000000000
00001000110000
10000010001010
10000001010000
00100000111000
00000000110011
10110000110110
11000110110000
10000000101000
10110000011110
10000100111000
11000010000101
11000000101000
10110000010010
00001000100100
11001110001100
11001000100000
11001000001110
10001100111000
10000000010110
10000100101010
10000100000011
10000000101111
00000100001001
10000100000111
10000110110010
10000100011110
00000010011011
11001011111110
11001010111110
10001000000011
01111000001110
10000000101110
10000000110101
00000100011001
00000000011111
10000100110011
00110000010100
10000001001010
10000000111010
11000000100010
00000100111111
10000000111111
10000001001100
10110000010000
10000000010011
00000100010010
10000000111001
10111000000001
00000100101000
10000000100100
00000001011001
00100000011001
00100100000000
10001001111000
00100000011010
10001000111010
10110000011001
10000100000000
00001000110110
11001000101110
10000000000110
10110000111110
10001001011110
11001000011110
00110000100000
00000101011000
11000000000100
10000000111000
00000100000010
11000110000100
10000001111110
11000000111110
10100000010110
10010000010110
10000010000100
