PI CLR PI v6 PI v5 PI v4 PI v3 PI v2 PI v1 PI v0 PI v12 PI v11 PI v10 PI v9 PI v8 PI v7 
10000000101100
10000000100110
10000000111110
00110000010110
00000000010100
00000000011100
00000001011000
00000000011000
00000000101000
00000000011001
00000000011011
00000010011011
00010000000000
00000100001000
00000100100001
00000100010001
00010001010000
00000000111011
00000000000011
00000000010110
00000000001010
00000000001011
10110000010010
10110000011000
00000100000000
01001000001110
00000000001110
00000100010110
10000000000010
10000000001000
00000000100111
00110000000100
00110000000000
00010000000100
00010100010110
00000100000011
00100000100000
00001000100000
00001000000000
00000000110000
00000100001100
00100000001110
00100001011000
00110000010000
00000010011101
01000000100000
00000000001111
00000000010111
00010000010110
10000100001100
10000100010110
10110000010110
10000100111011
10000000100011
11001010000100
10000000000111
00001000011000
00001000111110
10001000111110
10000000010101
10000000100000
10000000111000
10110000001010
10000000101110
10111000001110
00000100010010
00000000111100
10000000010110
00000100100110
10000000101011
10001100000110
10000000110011
10001110110000
10110100010000
10000100000100
10000000010100
10000100110010
10000010110010
11001110000100
10000000111011
10000000000011
10000001011000
10000000011100
01001000111110
11001000111110
00100100011000
00100100001010
10000100011110
10000000011010
10000000011101
00000100111100
10001100101000
10000000011000
00000100011001
10110001011000
00100000000000
00100000011110
00001000111001
01001000001001
00000010111010
00100000111000
00000100001011
11000010000101
10000000100100
10000000011110
10110000011110
10000000000100
01111000001110
10000100101010
10001000000011
10001000010010
10110000000000
10000100001010
10000100100011
00001000100110
10001100000100
10000000001011
10000000010001
00000000011111
00110000011010
00000010001010
00100000001000
10110000001000
11001001111110
10001100000010
10001100111000
11111000001110
11110000001110
10001000100000
00000001000011
10001001111110
00000101011000
10000010111000
10000000110110
10000000110100
11001110001100
10000000001100
10000100111000
00000010011000
10000110110010
01001010111110
11001011111110
01000000110000
00000000110111
10000000010111
00000100001001
10001000000111
10110100010110
00110000100000
10001100100110
10111100100000
11000100100000
11000000101000
11000010010100
00000001010110
10000000111010
10000100011010
11000000100010
10000100011011
00000000010011
00000100111111
00000100011101
10000001001100
10110000000100
11110010000100
10000000110111
00000001001000
10000100001110
10000001010000
00000001011001
00000001011110
00110000001001
00010000011001
00010000010100
00000001010100
10111000010010
10001000111010
10000000000000
10001001110010
01001100001110
10000100000110
10001001101110
00001000011110
11000010100100
10001100011110
10000100001000
10001001011110
11000000000100
11000110000100
10000001111110
10100000011110
10100000000000
10010000011110
10010000000000
10000010000100
