PI G0 PI G1 PI G2 PI G10 PI G11 PI G12 PI G13 PI G14 PI G15 PI G16 PI G17 PI G18 PI G19 PI G20 PI G21 PI G22 PI G23 
00001001000000000
00010011000000000
00001000000000000
00001001000000001
01000000000000001
01000000000000000
00000011001000000
00011100000000000
00000010000100000
00000101000000000
00000100000000000
00011000000000000
00011110000000000
00010010000000000
00000101000010000
00100000000000010
00000000000000010
00100000000000000
00000001100000000
00000011000000010
00001000100000010
00001010000000010
00000001000000000
00000010000000010
00010110000000000
00001110100000000
00001010100000000
00000011000100000
00000101010000000
00000011000000100
00001101001000000
00001011100000000
00001010100000010
00011010000000000
00000000100000000
00001001000001000
00000101000001000
00000001000000100
00000001010000000
00010000100000010
10000000000000001
10000100000000000
10010000000000000
00000011000010000
00000101000100000
00000010001000000
00000100000001000
00001000100000000
00001001000010000
00000010100000000
10000010000000000
