PI START PI B0 PI B1 PI B2 PI B3 PI A0 PI A1 PI A2 PI A3 PI CT2 PI CT1 PI CT0 PI ACVQN3 PI ACVQN2 PI ACVQN1 PI ACVQN0 PI MRVQN3 PI MRVQN2 PI MRVQN1 PI MRVQN0 PI AX3 PI AX2 PI AX1 PI AX0 
000000000000000000000000
010000000101000000000000
000000000101000000100000
000000000101000001000000
000000000101000010000000
000010000000000000000000
010000000000000000000000
001000000000000000000000
000100000000000000000000
000001000001000000000000
000001000000000000000000
000000100001000000000000
000000100000000000000000
000000010001000000000000
000000010000000000000000
000000001001000000000000
000000001000000000000000
000000000001000000000001
000000000011000000000000
000000000111000000000000
000000000101010000000000
000000000001001000001000
000000000001101000000000
000000000001100000000100
000000000001100000001100
000000000001100000010010
000000000001001000000001
000000000000000000001100
000000000101001000001000
000000000001000000100000
000000000001000001000000
000000000001000010000000
000000000101000000000001
000000000001000000000110
000000000001001000001100
000000000001010000000010
000000000001010000000101
000000000001000000001000
000000000001011000000000
000000000001110000000010
000000000001000000001001
000000000001100000000010
000000000001100000000000
000000000001000000000011
000000000001001000000011
000000000001000100000000
000000000010000000001000
000000000100000000001000
000000000001000100000001
000000000000000000000001
000000000000000000000010
000000000101000100000000
000000000101100000001000
000000000101000000010000
000000000001100000000001
000000000001001000000010
000000000001001000001001
000000000001101000000001
000000000001010000000001
100000000000100000000100
100000000000000000000100
100000000001000000000000
001000000000000000100000
000100000000000001000000
000010000000000010000000
010000000000000000010000
000000000100100000011000
000000000001000000011000
000000000001000000010100
000000000001010000010100
000000000001000100010001
000000000001001000010001
000000000001001000010010
000000000001101000000010
000000000001100100000001
