PI G1 PI G2 PI G3 PI G4 PI G5 PI G6 PI G8 PI G9 PI G10 PI G11 PI G12 PI G13 PI G14 PI G15 PI G16 PI G17 PI G18 PI G19 PI G20 PI G21 PI G22 PI G23 PI G24 PI G25 PI G26 PI G27 PI G28 PI G29 PI G30 PI G31 PI G32 PI G33 PI G34 PI G35 PI G36 PI G64 PI G65 PI G66 PI G67 PI G68 PI G69 PI G70 PI G71 PI G72 PI G73 PI G74 PI G75 PI G76 PI G77 PI G78 PI G79 PI G80 PI G81 PI G82 
001000000011000000001111100000000000000111111100000000
001000000000000000001000000000000000000000000000010000
001000000000000000001000000000000000000000001000010000
001000000000000000001000000000000001000000000000000000
001000000000000000000010000000000000000010000000000000
001000000000000000000100000000000000000000100000000000
000000000000000000000010000000000000000000000000000000
001000000000000000000001000000000000001000000000000000
001000000000000000000100000000000000100000000000000000
000000000111000000000000100000000000000000000000000000
000000000101000000000000100000000000000000000000000000
101000000000000000000001000000000000000100000000000000
001001000000000000000010000000000000000011000000000000
001010000000000000000100000000000000000000110000000000
001001000000000000000010000000000000000011000000010000
001010000000000000000100000000000000000000110000010000
001000000110000000001000100000000000000000001100010000
001000000000000000000000000000000000000000000010000000
011000100000000000000000000000000000000000000010000000
001000000011000000000011100000000000000111000000000000
001000100000000000001000000000000000000000001100000000
000000010010000000000000100000000000000000001000000000
000000000000000000000000000000000000000000000010000000
001000100000000000001000000000000000000000001100010000
001000010110000000000010100000000000000011000000000000
011001000000000000000000000000000000000000000000100000
001000000000000000000000000000000000000000000000100000
001000000111000000001100100000000000000000111100010000
000000000010000000000000100000000000000010000000000000
000000000000000000000000000000000000000000000000100000
001000001110000000000100100000000000000000110000000000
001000000000000000000010000000000000010000000000000000
011010000000000000000000000000000000000000000001000000
001000000000000000000000000000000000000000000001000000
000000000010000000000000100000000000000000100000000000
111000000000000000000000000000000000000000000000010000
001000011110000000000001100000000000000100000000000000
000000000000000000000000000000000000000000000001000000
000000000000000000000000000000000000000000000000010000
000000011100000000000001000000000000000000000000000000
000000010100000000000010000000000000000000000000000000
000000001100000000000100000000000000000000000000000000
000000000100000000001001000000000000000000000000010000
000000000000000000000001000000000000000000000000000000
000000000000000000000100000000000000000000000000000000
000000010000000000001000000000000000000000000000000000
001000000000100000000000000000000000000000000010000000
101000000000000000000001000000000000000100000010000000
001001000000000000000010000000000000000011000010000000
001010000000000000000100000000000000000000110010000000
001000000000000000001000000010000000000000000100010000
001000000011000000000111100000000000000111111000000000
000000100000000000000000000000000000000000001000000000
000000000010000000000000100000000000000000001000000000
000000000000100000000000000000000000000000000000000000
000000000000000000000000000010000000000000000000000000
000000000000000000000000000000000000000000000100000000
000000001100000000001001000000000000000000000010010000
001000000000001000000000000000000000000000000000100000
101000000000000000000001000000000000000100000000100000
001010000000000000000100000000000000000000110000100000
001000000000000000001000000000000001000000000000100000
001000100000000000001000000000000000000000001100100000
001000000000000000000000000000000000000000000010100000
001000000000000000000000000000000000000000000001100000
001000000000000000000010000000001000000001000000000000
000001000000000000000000000000000000000010000000000000
001000000011000000001101100000000000000110111100010000
000000010010000000000000100000000000000010000000000000
000000000000001000000000000000000000000000000000000000
000000000000000000000000000000001000000000000000000000
000000000000000000000000000000000000000001000000000000
000000000100000000000010000000000000000000000000100000
001000000000010000000000000000000000000000000001000000
101000000000000000000001000000000000000100000001000000
001001000000000000000010000000000000000011000001000000
001000000000000000000000000000000000000000000011000000
001000100000000000001000000000000000000000001101000000
001000000000000000001000000000000001000000000001000000
001000000000000000000100000000100000000000010000000000
001000000000000100000000000000000000000000000000010000
001000000000000000001000000000000001000000000000010000
001000000000000000000010000000000000010000000000010000
001000000000000000000000000000000000000000000001010000
001000000000000000000000000000000000000000000000110000
001000000000000000000001000000000010000100000000000000
000010000000000000000000000000000000000000100000000000
001000000011000000001011100000000000000111101100010000
000000001010000000000000100000000000000000100000000000
100000000000000000000000000000000000000000000000000000
001000000011000000001110100000000000000011111100010000
000000011010000000000000100000000000000000000000000000
000000000000010000000000000000000000000000000000000000
000000000000000000000000000000100000000000000000000000
000000000000000100000000000000000000000000000000000000
000000000000000000000000000000000010000000000000000000
000000000000000000000000000000000000000000010000000000
000000011110000000000000100000000000000100000000000000
000000000100000000000100000000000000000000000001000000
000000000000000000000000000001000000000000001000000000
000000000000000000000000000000010000000000100000000000
000000000000000000000000000000000100000010000000000000
000000000000000000000000001000000000000000000000000000
000000000111000000000000001000000000000000000000000000
001000000010000000001000100000000000000000000100010000
001000000011000000001111100000000000000111110100010000
001000100000000000001000000000000000000000000100000000
001010000000000000000100000000000000000000010000000000
001000000011000000001111100000000000000111011100010000
001000001010000000000100100000000000000000010000000000
001001000000000000000010000000000000000001000000000000
001000010010000000000010100000000000000001000000000000
001000000011000000001111100000000000000101111100010000
000000000000000000010000000000000000000000000000000000
000000000000000000010000000000000000000000000000000001
000000000000000000100000000000000000000000000000000000
000000000000000000100000000000000000000000000000000010
000000000000000001000000000000000000000000000000000000
000000000000000001000000000000000000000000000000000100
000000000000000010000000000000000000000000000000000000
000000000000000010000000000000000000000000000000001000
000000000000000000000000000001000000000000000000000000
000000000000000000000000000000010000000000000000000000
000000000000000000000000000000000100000000000000000000
001000010111000000000010100000000000000011000000000000
001000001111000000000100100000000000000000110000000000
001000011111000000000001100000000000000100000000000000
000000011101000000000001000000000000000000000000000000
000000010101000000000010000000000000000000000000000000
000000001101000000000100000000000000000000000000000000
000000000101000000001001000000000000000000000000010000
001000000111000000001111100000000000000111111100010000
001000001110000000001000100000000000000000001100010000
001000011110000000000010100000000000000011000000000000
000000011100000000000010000000000000000000000000000000
001000010010000000001000100000000000000000001100010000
001000011110000000000100100000000000000000110000000000
000000011100000000000100000000000000000000000000000000
000000010100000000001001000000000000000000000000010000
000100000000000000010000000000000000000000000000000001
000100000000000000100000000000000000000000000000000010
000100000000000001000000000000000000000000000000000100
000100000000000010000000000000000000000000000000001000
000100000000000000000000000000000000000000001000000000
000100000000000000000000000000000000000000100000000000
000100000000000000000000000000000000000010000000000000
000000000110000000000000001000000000000000000000000000
000000000101000000000000001000000000000000000000000000
000000000011000000000000001000000000000000000000000000
001000000010000000000100100000000000000000110000000000
001000010010000000000001100000000000000100000000000000
001000000010000000000010100000000000000011000000000000
001000001110000000000001100000000000000100000000000000
011000000000000000000000000000000000000000000010000000
011000000000000000000000000000000000000000000000100000
011000000000000000000000000000000000000000000001000000
011000000000000000000000000000000000000000000000010000
000000000000000000000000000100000000000000000000000000
000000000000000000000000010000000000000000000000000000
011000000000000000001000000000000001000000000000000000
011000000000000000000010000000000000010000000000000000
000000000000000000000000000000000000000000000000000001
000000000000000000000000000000000000000000000000000010
000000000000000000000000000000000000000000000000000100
000000000000000000000000000000000000000000000000001000
