PI P_0 PI C_32 PI C_31 PI C_30 PI C_29 PI C_28 PI C_27 PI C_26 PI C_25 PI C_24 PI C_23 PI C_22 PI C_21 PI C_20 PI C_19 PI C_18 PI C_17 PI C_16 PI C_15 PI C_14 PI C_13 PI C_12 PI C_11 PI C_10 PI C_9 PI C_8 PI C_7 PI C_6 PI C_5 PI C_4 PI C_3 PI C_2 PI C_1 PI C_0 PI X_4 PI X_3 PI X_2 PI X_1 PI X_8 PI X_7 PI X_6 PI X_5 PI X_12 PI X_11 PI X_10 PI X_9 PI X_16 PI X_15 PI X_14 PI X_13 PI X_20 PI X_19 PI X_18 PI X_17 PI X_24 PI X_23 PI X_22 PI X_21 PI X_28 PI X_27 PI X_26 PI X_25 PI X_32 PI X_31 PI X_30 PI X_29 
100000000100000000000000000000000000000000000000000000100000010000
100000000000000000000000000000000000000000000000000000000000010000
100000000000000000000000000000000000000000000000000000010000010000
100000000000000000000010000000000000000000010000000000000000010000
100000000000000000000000000000000000000000010000000000000000010000
100000000010000000000000000000000000000000000000000000010000010000
100000000001000000000000000000000000000000000000000000001000010000
100000000000000000000000000000000000000000000000000000001000010000
100000000000000000000000000000000011110111000000000000000000000000
100000000000000000000000000000000011111111000000000000000000000000
000000000000000000000000000000000000001000000000000000000000000000
100000000000000000000000000000000011111111111111111111011100000000
100000000000000000000000000000000011111111111111111111111100000000
100000000000000000000000000000000011111111111111111111111111110111
000000000000000000000000000000000011100001000000000000000000000000
100000000000000000000000000000000000110001000000000000000000000000
100000000000000000000000000000000011111111111111110000111100010000
100000000000000000000000000000000011111111000011110001000000000000
000000000000000000000000000000000011111000000100000000000000000000
100000000000000000000000000000000000011111000100000000000000000000
100000000000000000000000000000000011111111111111111111000100000000
100000000000000000000000000000000011110010000000000000000000000000
100000000000000000000000000000000011111111111111111111111100000011
100000000000000000000000000000000011111111111111111111001100000000
100000000000000000000000000000000011111111111111110111000000000000
000000000000000000000000000000000000000000000000001000000000000000
000000000000000000000000000000000000000000000000000000000100000000
100000000000000000000000000000000011111111111111111111000000000000
100000001000000000000000000000000000000000000000000000010000010000
100000001000000000000000000000000000000000000000000000000000010000
100000001000000000000000000000000000000000000000000000001000010000
100000001000000000000000000000000000000000000000000000100000010000
100000001000000000000000000000000000000000000001010000000000010000
100000000000000000001000000000000000000000000000010000000000010000
100000000000000000000000000000000011111111111111111111111101110000
000000000000000000000000000000000000000000000000000000000010000000
100000000000000000000000000000000011111111111111111111111110010111
110000000000000000000000000000000000000000000000000000000000001000
100000000000000000000000000000000000000000000000000000000000000000
101000000000000000000000000000000000000000000000000000000000000100
100010000000000000000000000000000000000000000000000000000000000001
100000000000000000000000000000000000000000000000000000000000000001
100100000000000000000000000000000000000000000000000000000000000010
100000000000000000000000000000000011111111111111111111111111110000
100000000000000000000000000000000011111111111111111111111111110001
101000000000000000000000000000000000000000000000000000000000000110
100000000000000000000000000000000011111111111111111111111111111111
100000000000000000000000000000000011111111111111111111111101111011
100000000000000000000000000000000011111111111111111111111111110011
110000000000000000000000000000000000000000000000000000000000001100
100000000000000000000000000000000001110000000000000000000000000000
100000000000000000000000010000000000001000000000000000000000010000
100000000000000000000000001000000000000100000000000000000000010000
100000000000000000000000000010000000000001000000000000000000010000
100000000000000000000000000000000000000001000000000000000000010000
100000000000000000000000000100000000000010000000000000000000010000
100000000000000000000000000000000011110001000000000000000000000000
100000000000000000000000001000000000000110000000000000000000010000
100000000000000000000000010000000000001100000000000000000000010000
100000000000000000000000000000000011110011000000000000000000000000
100000000000000000000000000000000011111111111111111111111100110000
100000010000000000000000000000000000000000000000000000000000100000
100000100000000000000000000000000000000000000000000000000001000000
100001000000000000000000000000000000000000000000000000000010000000
000000000000000000000000000000000000000000000000000000000011110000
000000000000000000000000000000000000000000000000000000000011110011
000000000000000000000000000000000000000000000000000000000011111111
100100000000000000000000000000000000000000000000000000000010000010
100100000000000000000000000000000000000000000000000000000000010010
100000010000000000000000000000000000000000000000000000000000110000
100000100000000000000000000000000000000000000000000000000001100000
100100000000000000000000000000000000000000000000000000000000100010
100001000000000000000000000000000000000000000000000000000011000000
100100000000000000000000000000000000000000000000000000000001000010
100000000000000000000000000000001000010000000000000000000000010000
100000000000000000000000100000000000000000000100000000000000010000
100000000000000000000000000000000000000000000100000000000000010000
100000000000000000000000000001000010000000000000000000000000010000
100000000000000000000000000000100001000000000000000000000000010000
100000000000000000000000000000000001000000000000000000000000010000
100000000000000000000000000000010000100000000000000000000000010000
100000000000000000000000000000000000100000000000000000000000010000
100000000000000000000000000100000010000010000000000000000000010000
100000000000000000000000000100000001000010000000000000000000010000
100000000000000000000000000100000000100010000000000000000000010000
100000000000001000000000000000000000000000000000000100000000010000
100000000000000000000000000000000000000000000000000100000000010000
100000000000000100000000000000000000000000000000000010000000010000
100000000000000000000000000000000000000000000000000010000000010000
100000000000000000000000000000000011111111111111110011000000000000
100000000000010000000000000000000000000000000000001000000000010000
100000000000000000000000000000000011111111111111110001000000000000
000000000000000000000000000000000000000000000000001111000100000000
000000000000000000000000000000000000000000000000001111111100010000
100000000000000000000000000100000000010010000000000000000000010000
100000000000000000000000000000010000110000000000000000000000010000
100000000000000000000000000000000100010000000100000000000000010000
100000000000000010000000000000000000000000000000000001000000010000
100000000000000000000000000000000000000000000000000001000000010000
100000000000100000000000000000000000000000000000000000000100010000
100000000000000000000000000000000000000000000000000000000100010000
100000000000000000000000000000000011111111111100110000000000000000
100000000000000000000000000000000011111111111101110000000000000000
100000000000000000100000000000000000000000000001000000000000010000
100000000000000001000000000000000000000000000010000000000000010000
100000000000000000000000000000000011111111111100010000000000000000
100000001000000000000000000000000000000000000000000000000100010000
100000000000000000000000100000000000010001000100000000000000010000
100000000000000000010000000000000000010001000000100000000000010000
100000001000000000000000000000000000010001000000000000000000010000
100000000000100000000000000000000000000010000000000000000100010000
100000000000100000000000000000000000010000000000000000000100010000
100000000000100000000000000000000010000000000000000000000100010000
100000000000100000000000000000000000100001000000000000000100010000
100000000000000010000000000000000000010001000000000001000000010000
100000000000100000000000000000000000000000000000110000000100010000
100000000000000000010000000000000000000000000000100000000000010000
100000000000000001000000000000000000000000000011000000000000010000
100000000000100000000000000000000000000000000001000000000100010000
100000001000000000000000000000000000000000000010000000000000010000
100000000000100000000000000000000000000000000010000000000100010000
100000001000000000000000000000000000000000000000100000000000010000
100000000000000000100000000000000000000000000001100000000000010000
100000000000100000000000000000000000000000000000100000000100010000
100000000000000000000000000000000011111111111100000000000000000000
100000000000100000000000000000000000000000000000010000000100010000
100000000000000000000001000000000000000000001000000000000000010000
100000000000000000000000000000000000000000001000000000000000010000
100000000000000000000000000000000011111111011100000000000000000000
000000000000000000000000000000000000000000100000000000000000000000
100000000000000000000000000000000011111111001100000000000000000000
100000000000000000000100000000000000000000100000000000000000010000
100000000000000000010000000000000000000000001100100000000000010000
100000000000100000000000000000000000000000001100000000000100010000
100000000000000000000000000000000011111111000100000000000000000000
000000000000000000000000000000000000000000111111110001000000000000
100000000000100000000000000000000000000000100000000000000100010000
100000000000100000000000000000000000000000010000000000000100010000
100000000000100000000000000000000000000000000100000000000100010000
100000000000100000000000000000000000000000001000000000000100010000
100000000000000000000000000000000011111111111111111111110000000000
100000000000000000000000000000000011111111111111111111111111000000
100000000000100000000000000000000000000000000000000001000100010000
100000000000100000000000000000000000000000000000000010000100010000
100000000000100000000000000000000000000000000000000100000100010000
100000000000100000000000000000000000000000000000001000000100010000
100000001000000000000000000000000000000000000000001001000000010000
100000000000000000000000000000000011111111111111111111111111110110
100100000000000000000000000000000000000000000000000000000000000000
101000000000000000000000000000000000000000000000000000000000000000
110000000000000000000000000000000000000000000000000000000000000000
100000000000000000000000000000000011111111111111111111111111100001
100000000000000000000000000000000011111111111111111111111111100111
100000001000000000000000000000000000000000000000000000000000100000
100000000000000000000000000000000011111111111111111111111111010001
100000000000000000000000000000000011111111111111111111111111010111
100000010000000000000000000000000000000000000000000000000001000000
100000000000000000000000000000000011111111111111111111111110110001
100000000000000000000000000000000011111111111111111111111110110111
100000100000000000000000000000000000000000000000000000000000000001
100000000000000000000000000000000011111111111111111111111101111111
100001000000000000000000000000000000000000000000000000000000000001
100000000000000000000000000000000011111111111111111111111000010000
100000000000000000000000000000000011111111111111111111110100010000
100000000000000000000000000000000011111111111111111111101100010000
100000000100000000000000000000000000000000000000000000000000010000
100000000000000000000000000000000011111111111111111110000100000000
100000000000000000000000000000000011111111111111111101000100000000
100000000000000000000000000000000011111111111111111011000100000000
100000000000010000000000000000000000000000000000000000000100010000
100000000000000000000000000000000011111111111111100001000000000000
100000001000000000000000000000000000000000000000010000000000010000
100000000000000000010000000000000000000000000000000001000100010000
100000000000000000000000000000000011111111111111010001000000000000
100000001000000000000000000000000000000000000001000000000000010000
100000000000000000100000000000000000000000000000000001000100010000
100000000000000000000000000000000011111111111110110001000000000000
100000000000000001000000000000000000000000000000000001000100010000
100000000000000000000000000000000011111111001000000000000000000000
100000000000000000000000000000000011111111111000010000000000000000
100000000000000000000000000000000011111111110100010000000000000000
100000000000000000000000000000000011111111101100010000000000000000
100000000000000000000100000000000000000000000000010001000000010000
100000000000000000000000000000000011111110000100000000000000000000
100000000000000000000000000000000011110000000000000000000000000000
100000000000100000000000000000000000000001000000000000000100010000
100000000000000000000000000000000011111101000100000000000000000000
100000000000000000000000000100000000000000000100000000000000010000
100000000000000000000000000000000011111011000100000000000000000000
100000000000000000000000001000000000000000000100000000000000010000
100000000000100000000000000000000000000100000000000000000100010000
100000000000000000000000010000000000000000000100000000000000010000
100000000000100000000000000000000000001000000000000000000100010000
100000000000000000000000000000000011100001000000000000000000000000
100000000000000000000000000000000011101111000100000000000000000000
100000000000000000000000000000001001100000000000000000000000010000
100000000000000000000000000000000011011111000100000000000000000000
100000000000100000000000000000000000100000000000000000000100010000
100000000000000000000000000000000010110001000000000000000000000000
100000000000000000000000000000000010111111000100000000000000000000
100000000000100000000000000000000001000000000000000000000100010000
100000000000000000000000000000000001111111000100000000000000000000
100000000000000000000000000001000000000001000100000000000000010000
100000000000000000000000000000000000000000000000000000000000001000
000000000000000000000000000000000011111111000100000000000000000000
000000000000000000000000000000000000010000000000000000000000000000
000000000000000000000000000000001000010000000000000000000000000000
